  Building Custom Rule C:/Users/asus/Downloads/hiredis-master (1)/hiredis-master/CMakeLists.txt
  alloc.c
C:\Users\asus\Downloads\hiredis-master (1)\hiredis-master\alloc.c(40,17): warning C4996: 'strdup': The POSIX name for this item is deprecated. Instead, use the ISO C and C++ conformant name: _strdup. See online help for details.
C:\Users\asus\Downloads\hiredis-master (1)\hiredis-master\alloc.c(59,21): warning C4996: 'strdup': The POSIX name for this item is deprecated. Instead, use the ISO C and C++ conformant name: _strdup. See online help for details.
  async.c
C:\Users\asus\Downloads\hiredis-master (1)\hiredis-master\async.c(62,32): warning C4267: '함수': 'size_t'에서 'int'(으)로 변환하면서 데이터가 손실될 수 있습니다.
C:\Users\asus\Downloads\hiredis-master (1)\hiredis-master\async.c(81,10): warning C4267: '=': 'size_t'에서 'int'(으)로 변환하면서 데이터가 손실될 수 있습니다.
C:\Users\asus\Downloads\hiredis-master (1)\hiredis-master\async.c(82,10): warning C4267: '=': 'size_t'에서 'int'(으)로 변환하면서 데이터가 손실될 수 있습니다.
C:\Users\asus\Downloads\hiredis-master (1)\hiredis-master\async.c(505,13): warning C4996: 'stricmp': The POSIX name for this item is deprecated. Instead, use the ISO C and C++ conformant name: _stricmp. See online help for details.
C:\Users\asus\Downloads\hiredis-master (1)\hiredis-master\async.c(509,20): warning C4996: 'stricmp': The POSIX name for this item is deprecated. Instead, use the ISO C and C++ conformant name: _stricmp. See online help for details.
C:\Users\asus\Downloads\hiredis-master (1)\hiredis-master\async.c(565,13): warning C4996: 'strnicmp': The POSIX name for this item is deprecated. Instead, use the ISO C and C++ conformant name: _strnicmp. See online help for details.
C:\Users\asus\Downloads\hiredis-master (1)\hiredis-master\async.c(566,13): warning C4996: 'strnicmp': The POSIX name for this item is deprecated. Instead, use the ISO C and C++ conformant name: _strnicmp. See online help for details.
C:\Users\asus\Downloads\hiredis-master (1)\hiredis-master\async.c(567,13): warning C4996: 'strnicmp': The POSIX name for this item is deprecated. Instead, use the ISO C and C++ conformant name: _strnicmp. See online help for details.
C:\Users\asus\Downloads\hiredis-master (1)\hiredis-master\async.c(865,20): warning C4996: 'strnicmp': The POSIX name for this item is deprecated. Instead, use the ISO C and C++ conformant name: _strnicmp. See online help for details.
C:\Users\asus\Downloads\hiredis-master (1)\hiredis-master\async.c(890,16): warning C4996: 'strnicmp': The POSIX name for this item is deprecated. Instead, use the ISO C and C++ conformant name: _strnicmp. See online help for details.
C:\Users\asus\Downloads\hiredis-master (1)\hiredis-master\async.c(943,16): warning C4996: 'strnicmp': The POSIX name for this item is deprecated. Instead, use the ISO C and C++ conformant name: _strnicmp. See online help for details.
  hiredis.c
C:\Users\asus\Downloads\hiredis-master (1)\hiredis-master\hiredis.c(345,31): warning C4267: '+=': 'size_t'에서 'int'(으)로 변환하면서 데이터가 손실될 수 있습니다.
C:\Users\asus\Downloads\hiredis-master (1)\hiredis-master\hiredis.c(501,19): warning C4267: '+=': 'size_t'에서 'int'(으)로 변환하면서 데이터가 손실될 수 있습니다.
C:\Users\asus\Downloads\hiredis-master (1)\hiredis-master\hiredis.c(520,16): warning C4267: '+=': 'size_t'에서 'int'(으)로 변환하면서 데이터가 손실될 수 있습니다.
C:\Users\asus\Downloads\hiredis-master (1)\hiredis-master\hiredis.c(976,21): warning C4244: '=': 'ssize_t'에서 'int'(으)로 변환하면서 데이터가 손실될 수 있습니다.
  net.c
C:\Users\asus\Downloads\hiredis-master (1)\hiredis-master\net.c(291,14): warning C4267: '함수': 'size_t'에서 'socklen_t'(으)로 변환하면서 데이터가 손실될 수 있습니다.
C:\Users\asus\Downloads\hiredis-master (1)\hiredis-master\net.c(356,9): warning C4267: '함수': 'size_t'에서 'socklen_t'(으)로 변환하면서 데이터가 손실될 수 있습니다.
C:\Users\asus\Downloads\hiredis-master (1)\hiredis-master\net.c(360,9): warning C4267: '함수': 'size_t'에서 'socklen_t'(으)로 변환하면서 데이터가 손실될 수 있습니다.
C:\Users\asus\Downloads\hiredis-master (1)\hiredis-master\net.c(503,21): warning C4267: '함수': 'size_t'에서 'socklen_t'(으)로 변환하면서 데이터가 손실될 수 있습니다.
C:\Users\asus\Downloads\hiredis-master (1)\hiredis-master\net.c(526,13): warning C4267: '함수': 'size_t'에서 'socklen_t'(으)로 변환하면서 데이터가 손실될 수 있습니다.
C:\Users\asus\Downloads\hiredis-master (1)\hiredis-master\net.c(652,1): warning C4102: 'oom': 참조되지 않은 레이블입니다.
  read.c
C:\Users\asus\Downloads\hiredis-master (1)\hiredis-master\read.c(216,37): warning C4146: 단항 빼기 연산자가 부호 없는 형식에 적용되었습니다. 결과는 역시 unsigned입니다.
C:\Users\asus\Downloads\hiredis-master (1)\hiredis-master\read.c(232,16): warning C4267: '=': 'size_t'에서 'int'(으)로 변환하면서 데이터가 손실될 수 있습니다.
C:\Users\asus\Downloads\hiredis-master (1)\hiredis-master\read.c(302,29): warning C4996: 'stricmp': The POSIX name for this item is deprecated. Instead, use the ISO C and C++ conformant name: _stricmp. See online help for details.
C:\Users\asus\Downloads\hiredis-master (1)\hiredis-master\read.c(304,36): warning C4996: 'stricmp': The POSIX name for this item is deprecated. Instead, use the ISO C and C++ conformant name: _stricmp. See online help for details.
C:\Users\asus\Downloads\hiredis-master (1)\hiredis-master\read.c(306,37): warning C4996: 'stricmp': The POSIX name for this item is deprecated. Instead, use the ISO C and C++ conformant name: _stricmp. See online help for details.
C:\Users\asus\Downloads\hiredis-master (1)\hiredis-master\read.c(307,37): warning C4996: 'stricmp': The POSIX name for this item is deprecated. Instead, use the ISO C and C++ conformant name: _stricmp. See online help for details.
C:\Users\asus\Downloads\hiredis-master (1)\hiredis-master\read.c(409,36): warning C4267: '=': 'size_t'에서 'unsigned long'(으)로 변환하면서 데이터가 손실될 수 있습니다.
C:\Users\asus\Downloads\hiredis-master (1)\hiredis-master\read.c(432,27): warning C4244: '+=': '__int64'에서 'unsigned long'(으)로 변환하면서 데이터가 손실될 수 있습니다.
  sds.c
C:\Users\asus\Downloads\hiredis-master (1)\hiredis-master\sds.c(102,24): warning C4267: '=': 'size_t'에서 'unsigned char'(으)로 변환하면서 데이터가 손실될 수 있습니다.
C:\Users\asus\Downloads\hiredis-master (1)\hiredis-master\sds.c(107,23): warning C4267: '=': 'size_t'에서 'uint8_t'(으)로 변환하면서 데이터가 손실될 수 있습니다.
C:\Users\asus\Downloads\hiredis-master (1)\hiredis-master\sds.c(108,25): warning C4267: '=': 'size_t'에서 'uint8_t'(으)로 변환하면서 데이터가 손실될 수 있습니다.
C:\Users\asus\Downloads\hiredis-master (1)\hiredis-master\sds.c(114,23): warning C4267: '=': 'size_t'에서 'uint16_t'(으)로 변환하면서 데이터가 손실될 수 있습니다.
C:\Users\asus\Downloads\hiredis-master (1)\hiredis-master\sds.c(115,25): warning C4267: '=': 'size_t'에서 'uint16_t'(으)로 변환하면서 데이터가 손실될 수 있습니다.
C:\Users\asus\Downloads\hiredis-master (1)\hiredis-master\sds.c(121,23): warning C4267: '=': 'size_t'에서 'uint32_t'(으)로 변환하면서 데이터가 손실될 수 있습니다.
C:\Users\asus\Downloads\hiredis-master (1)\hiredis-master\sds.c(122,25): warning C4267: '=': 'size_t'에서 'uint32_t'(으)로 변환하면서 데이터가 손실될 수 있습니다.
C:\Users\asus\Downloads\hiredis-master (1)\hiredis-master\sds.c(462,12): warning C4267: 'return': 'size_t'에서 'int'(으)로 변환하면서 데이터가 손실될 수 있습니다.
C:\Users\asus\Downloads\hiredis-master (1)\hiredis-master\sds.c(491,12): warning C4267: 'return': 'size_t'에서 'int'(으)로 변환하면서 데이터가 손실될 수 있습니다.
C:\Users\asus\Downloads\hiredis-master (1)\hiredis-master\sds.c(590,9): warning C4267: '=': 'size_t'에서 'long'(으)로 변환하면서 데이터가 손실될 수 있습니다.
C:\Users\asus\Downloads\hiredis-master (1)\hiredis-master\sds.c(618,22): warning C4267: '+=': 'size_t'에서 'long'(으)로 변환하면서 데이터가 손실될 수 있습니다.
C:\Users\asus\Downloads\hiredis-master (1)\hiredis-master\sds.c(635,26): warning C4267: '+=': 'size_t'에서 'long'(으)로 변환하면서 데이터가 손실될 수 있습니다.
C:\Users\asus\Downloads\hiredis-master (1)\hiredis-master\sds.c(653,26): warning C4267: '+=': 'size_t'에서 'long'(으)로 변환하면서 데이터가 손실될 수 있습니다.
C:\Users\asus\Downloads\hiredis-master (1)\hiredis-master\sds.c(792,28): warning C4267: 'return': 'size_t'에서 'int'(으)로 변환하면서 데이터가 손실될 수 있습니다.
  sockcompat.c
  코드를 생성하고 있습니다...
  Auto build dll exports
     C:/Users/asus/Downloads/hiredis-master (1)/build/Release/hiredis.lib 라이브러리 및 C:/Users/asus/Downloads/hiredis-master (1)/build/Release/hiredis.exp 개체를 생성하고 있습니다.
  hiredis.vcxproj -> C:\Users\asus\Downloads\hiredis-master (1)\build\Release\hiredis.dll
  "{0} -> {1}(부분 -> 전체 PDB)"
  System.FormatException: 0에서 시작하는 인덱스는 0보다 크거나 같아야 하며 인수 목록의 크기보다 작아야 합니다.
     위치: System.Text.StringBuilder.AppendFormatHelper(IFormatProvider provider, String format, ParamsArray args)
     위치: System.String.FormatHelper(IFormatProvider provider, String format, ParamsArray args)
     위치: System.String.Format(String format, Object[] args)
     위치: Microsoft.Build.Framework.LazyFormattedBuildEventArgs.FormatString(String unformatted, Object[] args)
EXEC : fatal error CMF1106: 
