  hiredis사용.cpp
C:\Users\asus\source\repos\hiredis사용\hiredis사용\hiredis사용.cpp(122,16): warning C4018: '<': signed 또는 unsigned가 일치하지 않습니다.
C:\Users\asus\source\repos\hiredis사용\hiredis사용\hiredis사용.cpp(126,61): warning C4311: '<function-style-cast>': 'HANDLE'에서 'int'(으)로 포인터가 잘립니다.
C:\Users\asus\source\repos\hiredis사용\hiredis사용\hiredis사용.cpp(126,61): warning C4302: '<function-style-cast>': 'HANDLE'에서 'int'(으)로 잘립니다.
C:\Users\asus\source\repos\hiredis사용\hiredis사용\hiredis사용.cpp(154,9): warning C4477: 'printf' : 서식 문자열 '%d'에 'int' 형식의 인수가 필요하지만 variadic 인수 1의 형식이 'HANDLE'입니다.
C:\Users\asus\source\repos\hiredis사용\hiredis사용\hiredis사용.cpp(154,9): warning C4313: 'printf': 서식 문자열의 '%d'이(가) HANDLE' 형식의 인수 1과(와) 충돌합니다.
C:\Users\asus\source\repos\hiredis사용\hiredis사용\hiredis사용.cpp(193,10): warning C4477: 'printf' : 서식 문자열 '%d'에 'int' 형식의 인수가 필요하지만 variadic 인수 1의 형식이 'SOCKET'입니다.
C:\Users\asus\source\repos\hiredis사용\hiredis사용\hiredis사용.cpp(193,10): message : 서식 문자열에서 '%lld'을(를) 사용하는 것이 좋습니다.
C:\Users\asus\source\repos\hiredis사용\hiredis사용\hiredis사용.cpp(193,10): message : 서식 문자열에서 '%Id'을(를) 사용하는 것이 좋습니다.
C:\Users\asus\source\repos\hiredis사용\hiredis사용\hiredis사용.cpp(193,10): message : 서식 문자열에서 '%I64d'을(를) 사용하는 것이 좋습니다.
C:\Users\asus\source\repos\hiredis사용\hiredis사용\hiredis사용.cpp(195,10): warning C4477: 'printf' : 서식 문자열 '%d'에 'int' 형식의 인수가 필요하지만 variadic 인수 1의 형식이 'HANDLE'입니다.
C:\Users\asus\source\repos\hiredis사용\hiredis사용\hiredis사용.cpp(195,10): warning C4313: 'printf': 서식 문자열의 '%d'이(가) HANDLE' 형식의 인수 1과(와) 충돌합니다.
C:\Users\asus\source\repos\hiredis사용\hiredis사용\hiredis사용.cpp(209,9): warning C4477: 'printf' : 서식 문자열 '%d'에 'int' 형식의 인수가 필요하지만 variadic 인수 1의 형식이 'SOCKET'입니다.
C:\Users\asus\source\repos\hiredis사용\hiredis사용\hiredis사용.cpp(209,9): message : 서식 문자열에서 '%lld'을(를) 사용하는 것이 좋습니다.
C:\Users\asus\source\repos\hiredis사용\hiredis사용\hiredis사용.cpp(209,9): message : 서식 문자열에서 '%Id'을(를) 사용하는 것이 좋습니다.
C:\Users\asus\source\repos\hiredis사용\hiredis사용\hiredis사용.cpp(209,9): message : 서식 문자열에서 '%I64d'을(를) 사용하는 것이 좋습니다.
C:\Users\asus\source\repos\hiredis사용\hiredis사용\hiredis사용.cpp(177,6): warning C4101: 'bytesReceived' :참조되지 않은 지역 변수입니다.
C:\Users\asus\source\repos\hiredis사용\hiredis사용\hiredis사용.cpp(108,14): warning C4101: 'service' :참조되지 않은 지역 변수입니다.
C:\Users\asus\source\repos\hiredis사용\hiredis사용\hiredis사용.cpp(105,6): warning C4101: 'recvBytes' :참조되지 않은 지역 변수입니다.
C:\Users\asus\source\repos\hiredis사용\hiredis사용\hiredis사용.cpp(310,10): warning C4477: 'printf' : 서식 문자열 '%d'에 'int' 형식의 인수가 필요하지만 variadic 인수 1의 형식이 'SOCKET'입니다.
C:\Users\asus\source\repos\hiredis사용\hiredis사용\hiredis사용.cpp(310,10): message : 서식 문자열에서 '%lld'을(를) 사용하는 것이 좋습니다.
C:\Users\asus\source\repos\hiredis사용\hiredis사용\hiredis사용.cpp(310,10): message : 서식 문자열에서 '%Id'을(를) 사용하는 것이 좋습니다.
C:\Users\asus\source\repos\hiredis사용\hiredis사용\hiredis사용.cpp(310,10): message : 서식 문자열에서 '%I64d'을(를) 사용하는 것이 좋습니다.
C:\Users\asus\source\repos\hiredis사용\hiredis사용\hiredis사용.cpp(668,68): warning C4267: '인수': 'size_t'에서 'int'(으)로 변환하면서 데이터가 손실될 수 있습니다.
C:\Users\asus\source\repos\hiredis사용\hiredis사용\hiredis사용.cpp(1006,11): warning C4477: 'printf' : 서식 문자열 '%d'에 'int' 형식의 인수가 필요하지만 variadic 인수 1의 형식이 'SOCKET'입니다.
C:\Users\asus\source\repos\hiredis사용\hiredis사용\hiredis사용.cpp(1006,11): message : 서식 문자열에서 '%lld'을(를) 사용하는 것이 좋습니다.
C:\Users\asus\source\repos\hiredis사용\hiredis사용\hiredis사용.cpp(1006,11): message : 서식 문자열에서 '%Id'을(를) 사용하는 것이 좋습니다.
C:\Users\asus\source\repos\hiredis사용\hiredis사용\hiredis사용.cpp(1006,11): message : 서식 문자열에서 '%I64d'을(를) 사용하는 것이 좋습니다.
C:\Users\asus\source\repos\hiredis사용\hiredis사용\hiredis사용.cpp(1007,11): warning C4477: 'printf' : 서식 문자열 '%d'에 'int' 형식의 인수가 필요하지만 variadic 인수 1의 형식이 'SOCKET'입니다.
C:\Users\asus\source\repos\hiredis사용\hiredis사용\hiredis사용.cpp(1007,11): message : 서식 문자열에서 '%lld'을(를) 사용하는 것이 좋습니다.
C:\Users\asus\source\repos\hiredis사용\hiredis사용\hiredis사용.cpp(1007,11): message : 서식 문자열에서 '%Id'을(를) 사용하는 것이 좋습니다.
C:\Users\asus\source\repos\hiredis사용\hiredis사용\hiredis사용.cpp(1007,11): message : 서식 문자열에서 '%I64d'을(를) 사용하는 것이 좋습니다.
C:\Users\asus\source\repos\hiredis사용\hiredis사용\hiredis사용.cpp(278,6): warning C4101: 'port' :참조되지 않은 지역 변수입니다.
C:\Users\asus\source\repos\hiredis사용\hiredis사용\hiredis사용.cpp(273,8): warning C4101: 'dwBytes' :참조되지 않은 지역 변수입니다.
C:\Users\asus\source\repos\hiredis사용\hiredis사용\hiredis사용.cpp(286,7): warning C4101: 'buf' :참조되지 않은 지역 변수입니다.
C:\Users\asus\source\repos\hiredis사용\hiredis사용\hiredis사용.cpp(289,7): warning C4101: 'filename' :참조되지 않은 지역 변수입니다.
C:\Users\asus\source\repos\hiredis사용\hiredis사용\hiredis사용.cpp(288,7): warning C4101: 'ct' :참조되지 않은 지역 변수입니다.
C:\Users\asus\source\repos\hiredis사용\hiredis사용\hiredis사용.cpp(297,11): warning C4101: 'ret' :참조되지 않은 지역 변수입니다.
C:\Users\asus\source\repos\hiredis사용\hiredis사용\hiredis사용.cpp(287,7): warning C4101: 'method' :참조되지 않은 지역 변수입니다.
C:\Users\asus\source\repos\hiredis사용\hiredis사용\hiredis사용.cpp(1023,9): warning C4101: 'lpOutputBuf' :참조되지 않은 지역 변수입니다.
C:\Users\asus\source\repos\hiredis사용\hiredis사용\hiredis사용.cpp(1021,18): warning C4101: 'olOverlap' :참조되지 않은 지역 변수입니다.
C:\Users\asus\source\repos\hiredis사용\hiredis사용\hiredis사용.cpp(1025,9): warning C4101: 'buffer' :참조되지 않은 지역 변수입니다.
  코드를 생성하고 있습니다.
  7 of 303 functions ( 2.3%) were compiled, the rest were copied from previous compilation.
    3 functions were new in current compilation
    13 functions had inline decision re-evaluated but remain unchanged
  코드를 생성했습니다.
  hiredis사용.vcxproj -> C:\Users\asus\source\repos\hiredis사용\x64\Release\hiredis사용.exe
