c:\users\asus\downloads\hiredis-master (1)\build\hiredis.dir\debug\sockcompat.obj
c:\users\asus\downloads\hiredis-master (1)\build\hiredis.dir\debug\sds.obj
c:\users\asus\downloads\hiredis-master (1)\build\hiredis.dir\debug\read.obj
c:\users\asus\downloads\hiredis-master (1)\build\hiredis.dir\debug\net.obj
c:\users\asus\downloads\hiredis-master (1)\build\hiredis.dir\debug\hiredis.obj
c:\users\asus\downloads\hiredis-master (1)\build\hiredis.dir\debug\async.obj
c:\users\asus\downloads\hiredis-master (1)\build\hiredis.dir\debug\alloc.obj
c:\users\asus\downloads\hiredis-master (1)\build\cmakefiles\generate.stamp
c:\users\asus\downloads\hiredis-master (1)\build\hiredis.dir\debug\hiredisd.ilk
c:\users\asus\downloads\hiredis-master (1)\build\debug\hiredisd.dll
c:\users\asus\downloads\hiredis-master (1)\build\debug\hiredisd.pdb
c:\users\asus\downloads\hiredis-master (1)\build\debug\hiredisd.lib
c:\users\asus\downloads\hiredis-master (1)\build\debug\hiredisd.exp
c:\users\asus\downloads\hiredis-master (1)\build\hiredis.dir\debug\hiredis.tlog\cl.command.1.tlog
c:\users\asus\downloads\hiredis-master (1)\build\hiredis.dir\debug\hiredis.tlog\cl.read.1.tlog
c:\users\asus\downloads\hiredis-master (1)\build\hiredis.dir\debug\hiredis.tlog\cl.write.1.tlog
c:\users\asus\downloads\hiredis-master (1)\build\hiredis.dir\debug\hiredis.tlog\custombuild.command.1.tlog
c:\users\asus\downloads\hiredis-master (1)\build\hiredis.dir\debug\hiredis.tlog\custombuild.read.1.tlog
c:\users\asus\downloads\hiredis-master (1)\build\hiredis.dir\debug\hiredis.tlog\custombuild.write.1.tlog
c:\users\asus\downloads\hiredis-master (1)\build\hiredis.dir\debug\hiredis.tlog\link.command.1.tlog
c:\users\asus\downloads\hiredis-master (1)\build\hiredis.dir\debug\hiredis.tlog\link.read.1.tlog
c:\users\asus\downloads\hiredis-master (1)\build\hiredis.dir\debug\hiredis.tlog\link.write.1.tlog
c:\users\asus\downloads\hiredis-master (1)\build\hiredis.dir\debug\hiredis.tlog\link.write.2u.tlog
